<?xml version="1.0" encoding="UTF-8"?>
<testng-results ignored="0" total="1" passed="1" failed="0" skipped="0">
  <reporter-output>
  </reporter-output>
  <suite started-at="2022-09-24T07:59:33 IST" name="Default suite" finished-at="2022-09-24T07:59:49 IST" duration-ms="15768">
    <groups>
    </groups>
    <test started-at="2022-09-24T07:59:33 IST" name="Default test" finished-at="2022-09-24T07:59:49 IST" duration-ms="15768">
      <class name="LoginTest">
        <test-method signature="loginTest()[pri:0, instance:LoginTest@41c2284a]" started-at="2022-09-24T07:59:33 IST" name="loginTest" finished-at="2022-09-24T07:59:49 IST" duration-ms="15703" status="PASS">
          <reporter-output>
          </reporter-output>
        </test-method> <!-- loginTest -->
      </class> <!-- LoginTest -->
    </test> <!-- Default test -->
  </suite> <!-- Default suite -->
</testng-results>
